0 info it worked if it ends with ok
1 verbose cli [ '/usr/local/bin/node', '/usr/local/bin/npm', 'start' ]
2 info using npm@3.8.3
3 info using node@v5.10.1
4 verbose run-script [ 'prestart', 'start', 'poststart' ]
5 info lifecycle node-token-jwt@~prestart: node-token-jwt@
6 silly lifecycle node-token-jwt@~prestart: no script for prestart, continuing
7 info lifecycle node-token-jwt@~start: node-token-jwt@
8 verbose lifecycle node-token-jwt@~start: unsafe-perm in lifecycle true
9 verbose lifecycle node-token-jwt@~start: PATH: /usr/local/lib/node_modules/npm/bin/node-gyp-bin:/var/www/json-web-tokens/html/node_modules/.bin:/usr/local/bin:/usr/local/sbin:/usr/local/bin:/usr/sbin:/usr/bin:/sbin:/bin
10 verbose lifecycle node-token-jwt@~start: CWD: /var/www/json-web-tokens/html
11 silly lifecycle node-token-jwt@~start: Args: [ '-c', 'node server.js' ]
12 silly lifecycle node-token-jwt@~start: Returned: code: 1  signal: null
13 info lifecycle node-token-jwt@~start: Failed to exec start script
14 verbose stack Error: node-token-jwt@ start: `node server.js`
14 verbose stack Exit status 1
14 verbose stack     at EventEmitter.<anonymous> (/usr/local/lib/node_modules/npm/lib/utils/lifecycle.js:239:16)
14 verbose stack     at emitTwo (events.js:100:13)
14 verbose stack     at EventEmitter.emit (events.js:185:7)
14 verbose stack     at ChildProcess.<anonymous> (/usr/local/lib/node_modules/npm/lib/utils/spawn.js:24:14)
14 verbose stack     at emitTwo (events.js:100:13)
14 verbose stack     at ChildProcess.emit (events.js:185:7)
14 verbose stack     at maybeClose (internal/child_process.js:850:16)
14 verbose stack     at Process.ChildProcess._handle.onexit (internal/child_process.js:215:5)
15 verbose pkgid node-token-jwt@
16 verbose cwd /var/www/json-web-tokens/html
17 error Linux 3.19.0-58-generic
18 error argv "/usr/local/bin/node" "/usr/local/bin/npm" "start"
19 error node v5.10.1
20 error npm  v3.8.3
21 error code ELIFECYCLE
22 error node-token-jwt@ start: `node server.js`
22 error Exit status 1
23 error Failed at the node-token-jwt@ start script 'node server.js'.
23 error Make sure you have the latest version of node.js and npm installed.
23 error If you do, this is most likely a problem with the node-token-jwt package,
23 error not with npm itself.
23 error Tell the author that this fails on your system:
23 error     node server.js
23 error You can get information on how to open an issue for this project with:
23 error     npm bugs node-token-jwt
23 error Or if that isn't available, you can get their info via:
23 error     npm owner ls node-token-jwt
23 error There is likely additional logging output above.
24 verbose exit [ 1, true ]
